#
# A fatal error has been detected by the Java Runtime Environment:
#
#  EXCEPTION_ILLEGAL_INSTRUCTION (0xc000001d) at pc=0x0000000053069343, pid=9916, tid=0x0000000000002e84
#
# JRE version: Java(TM) SE Runtime Environment (8.0_162-b12) (build 1.8.0_162-b12)
# Java VM: Java HotSpot(TM) 64-Bit Server VM (25.162-b12 mixed mode windows-amd64 compressed oops)
# Problematic frame:
# V  [jvm.dll+0x419343]
#
# Failed to write core dump. Minidumps are not enabled by default on client versions of Windows
#
# If you would like to submit a bug report, please visit:
#   http://bugreport.java.com/bugreport/crash.jsp
#

---------------  T H R E A D  ---------------

Current thread (0x00000000199b3000):  JavaThread "C1 CompilerThread3" daemon [_thread_in_native, id=11908, stack(0x000000001a9f0000,0x000000001aaf0000)]

siginfo: ExceptionCode=0xc000001d

Registers:
RAX=0x000000001aaeeb70, RBX=0x000000001c7d1874, RCX=0x000000001c864b70, RDX=0x0000000000000000
RSP=0x000000001aaeea90, RBP=0x000000001aaeeae9, RSI=0x000000001aaeedc0, RDI=0x000000001c8662d0
R8 =0x000000009c7d186b, R9 =0x000000001aaeeb70, R10=0x000000001c866110, R11=0x000000001c866250
R12=0x000000001c7d186b, R13=0x000000001c866290, R14=0x0000000000000002, R15=0x0000000000000001
RIP=0x0000000053069343, EFLAGS=0x0000000000010282

Top of Stack: (sp=0x000000001aaeea90)
0x000000001aaeea90:   0000000000000002 000000001aaeeae9
0x000000001aaeeaa0:   000000001aaeedc0 000000001c8661c0
0x000000001aaeeab0:   000000001aaeedc0 000000001aaeedc0
0x000000001aaeeac0:   00000000532b34e8 000000001c864f20
0x000000001aaeead0:   00000000532b3318 000000001aaef0c0
0x000000001aaeeae0:   000000001c7d186e 000000001c8662d0
0x000000001aaeeaf0:   0000000000000000 0000000053067ad7
0x000000001aaeeb00:   000000001c8651e0 0000000000000000
0x000000001aaeeb10:   00000000000000ab 000000001aaeedc0
0x000000001aaeeb20:   0000000000000000 0000000000000001
0x000000001aaeeb30:   0000000000000000 000000001c7d186b
0x000000001aaeeb40:   000000001aaeebc0 000000005306fedf
0x000000001aaeeb50:   0000000019000000 0000000000000009
0x000000001aaeeb60:   0000000000000000 0000000000000002
0x000000001aaeeb70:   000000001c7d09e0 000000001c7d0930
0x000000001aaeeb80:   000000001c7d186b 0000000000000000 

Instructions: (pc=0x0000000053069343)
0x0000000053069323:   d2 c1 e1 08 0b c8 48 8b 0e 48 8b 41 20 45 0f 4c
0x0000000053069333:   c7 c1 e2 08 44 89 45 77 44 8b 40 10 44 03 40 7d
0x0000000053069343:   d9 8e 45 bd d5 a8 0f 0b 10 69 c1 e2 08 0b d0 0f
0x0000000053069353:   b6 45 6a c1 e2 08 0b d0 41 03 d0 e8 cd c8 ff ff 


Register to memory mapping:

RAX=0x000000001aaeeb70 is pointing into the stack for thread: 0x00000000199b3000
RBX=0x000000001c7d1874 is an unknown value
RCX=0x000000001c864b70 is an unknown value
RDX=0x0000000000000000 is an unknown value
RSP=0x000000001aaeea90 is pointing into the stack for thread: 0x00000000199b3000
RBP=0x000000001aaeeae9 is pointing into the stack for thread: 0x00000000199b3000
RSI=0x000000001aaeedc0 is pointing into the stack for thread: 0x00000000199b3000
RDI=0x000000001c8662d0 is an unknown value
R8 =0x000000009c7d186b is an unallocated location in the heap
R9 =0x000000001aaeeb70 is pointing into the stack for thread: 0x00000000199b3000
R10=0x000000001c866110 is an unknown value
R11=0x000000001c866250 is an unknown value
R12=0x000000001c7d186b is an unknown value
R13=0x000000001c866290 is an unknown value
R14=0x0000000000000002 is an unknown value
R15=0x0000000000000001 is an unknown value


Stack: [0x000000001a9f0000,0x000000001aaf0000],  sp=0x000000001aaeea90,  free space=1018k
Native frames: (J=compiled Java code, j=interpreted, Vv=VM code, C=native code)
V  [jvm.dll+0x419343]
V  [jvm.dll+0x41fedf]
V  [jvm.dll+0x42082d]
V  [jvm.dll+0x420c22]
V  [jvm.dll+0x425d35]
V  [jvm.dll+0x425e40]
V  [jvm.dll+0x40f408]
V  [jvm.dll+0x40f671]
V  [jvm.dll+0x40f832]
V  [jvm.dll+0x40fa01]
V  [jvm.dll+0x40fc0f]
V  [jvm.dll+0xa5f92]
V  [jvm.dll+0xa68df]
V  [jvm.dll+0x2454af]
V  [jvm.dll+0x29ce3a]
C  [msvcr100.dll+0x21d7b]
C  [msvcr100.dll+0x21e17]
C  [KERNEL32.DLL+0x13034]
C  [ntdll.dll+0x71471]


Current CompileTask:
C1:3922057 5476       1       com.mysql.cj.protocol.a.NativePacketPayload::readString (91 bytes)


---------------  P R O C E S S  ---------------

Java Threads: ( => current thread )
  0x000000001ce49800 JavaThread "HikariPool-1 connection adder" daemon [_thread_in_native, id=3052, stack(0x0000000023b20000,0x0000000023c20000)]
  0x000000001ce48800 JavaThread "HikariPool-1 connection closer" daemon [_thread_blocked, id=9716, stack(0x0000000023a20000,0x0000000023b20000)]
  0x000000002051c800 JavaThread "DestroyJavaVM" [_thread_blocked, id=10508, stack(0x00000000023c0000,0x00000000024c0000)]
  0x0000000020518800 JavaThread "http-nio-8080-AsyncTimeout" daemon [_thread_blocked, id=9812, stack(0x0000000022320000,0x0000000022420000)]
  0x000000002051e000 JavaThread "http-nio-8080-Acceptor-0" daemon [_thread_in_native, id=11204, stack(0x0000000022220000,0x0000000022320000)]
  0x0000000020517000 JavaThread "http-nio-8080-ClientPoller-1" daemon [_thread_in_native, id=13772, stack(0x0000000022120000,0x0000000022220000)]
  0x000000002051b800 JavaThread "http-nio-8080-ClientPoller-0" daemon [_thread_in_native, id=8176, stack(0x0000000022020000,0x0000000022120000)]
  0x000000002051a800 JavaThread "http-nio-8080-exec-10" daemon [_thread_blocked, id=12100, stack(0x0000000021f20000,0x0000000022020000)]
  0x000000002051d000 JavaThread "http-nio-8080-exec-9" daemon [_thread_blocked, id=4044, stack(0x0000000021e20000,0x0000000021f20000)]
  0x0000000020517800 JavaThread "http-nio-8080-exec-8" daemon [_thread_blocked, id=11200, stack(0x0000000021d20000,0x0000000021e20000)]
  0x000000002051a000 JavaThread "http-nio-8080-exec-7" daemon [_thread_blocked, id=13864, stack(0x0000000021c20000,0x0000000021d20000)]
  0x0000000020519000 JavaThread "http-nio-8080-exec-6" daemon [_thread_blocked, id=13444, stack(0x0000000021b20000,0x0000000021c20000)]
  0x000000001ce4d000 JavaThread "http-nio-8080-exec-5" daemon [_thread_blocked, id=9224, stack(0x0000000021a20000,0x0000000021b20000)]
  0x000000001ce4b000 JavaThread "http-nio-8080-exec-4" daemon [_thread_blocked, id=11292, stack(0x0000000021920000,0x0000000021a20000)]
  0x000000001ce4b800 JavaThread "http-nio-8080-exec-3" daemon [_thread_blocked, id=1992, stack(0x0000000021820000,0x0000000021920000)]
  0x000000001ce4c800 JavaThread "http-nio-8080-exec-2" daemon [_thread_blocked, id=13332, stack(0x0000000021720000,0x0000000021820000)]
  0x000000001ce4a000 JavaThread "http-nio-8080-exec-1" daemon [_thread_blocked, id=11040, stack(0x0000000021620000,0x0000000021720000)]
  0x000000001ce4e000 JavaThread "NioBlockingSelector.BlockPoller-1" daemon [_thread_in_native, id=4700, stack(0x0000000021520000,0x0000000021620000)]
  0x000000001ce48000 JavaThread "HikariPool-1 housekeeper" daemon [_thread_blocked, id=11844, stack(0x000000001ef50000,0x000000001f050000)]
  0x000000001ce47000 JavaThread "Abandoned connection cleanup thread" daemon [_thread_blocked, id=6628, stack(0x000000001e450000,0x000000001e550000)]
  0x000000001ce14800 JavaThread "container-0" [_thread_blocked, id=1984, stack(0x000000001e350000,0x000000001e450000)]
  0x000000001ce13000 JavaThread "ContainerBackgroundProcessor[StandardEngine[Tomcat]]" daemon [_thread_blocked, id=3856, stack(0x000000001e250000,0x000000001e350000)]
  0x000000001a183800 JavaThread "RMI Scheduler(0)" daemon [_thread_blocked, id=3348, stack(0x000000001b530000,0x000000001b630000)]
  0x000000001a0a9800 JavaThread "RMI TCP Accept-0" daemon [_thread_in_native, id=1092, stack(0x000000001b130000,0x000000001b230000)]
  0x000000001a093800 JavaThread "RMI TCP Accept-50794" daemon [_thread_in_native, id=13940, stack(0x000000001b030000,0x000000001b130000)]
  0x000000001a09e000 JavaThread "RMI TCP Accept-0" daemon [_thread_in_native, id=13976, stack(0x000000001af30000,0x000000001b030000)]
  0x0000000019e96800 JavaThread "Service Thread" daemon [_thread_blocked, id=2956, stack(0x000000001aaf0000,0x000000001abf0000)]
=>0x00000000199b3000 JavaThread "C1 CompilerThread3" daemon [_thread_in_native, id=11908, stack(0x000000001a9f0000,0x000000001aaf0000)]
  0x00000000199b0000 JavaThread "C2 CompilerThread2" daemon [_thread_blocked, id=10320, stack(0x000000001a8f0000,0x000000001a9f0000)]
  0x0000000019961000 JavaThread "C2 CompilerThread1" daemon [_thread_blocked, id=6860, stack(0x000000001a7f0000,0x000000001a8f0000)]
  0x0000000019e33000 JavaThread "C2 CompilerThread0" daemon [_thread_blocked, id=8532, stack(0x000000001a6f0000,0x000000001a7f0000)]
  0x00000000199b4800 JavaThread "Monitor Ctrl-Break" daemon [_thread_in_native, id=10588, stack(0x000000001a5f0000,0x000000001a6f0000)]
  0x0000000019620000 JavaThread "Attach Listener" daemon [_thread_blocked, id=14276, stack(0x0000000019cf0000,0x0000000019df0000)]
  0x000000001961f000 JavaThread "Signal Dispatcher" daemon [_thread_blocked, id=13532, stack(0x0000000019bf0000,0x0000000019cf0000)]
  0x0000000019610800 JavaThread "Finalizer" daemon [_thread_blocked, id=3560, stack(0x00000000199f0000,0x0000000019af0000)]
  0x000000001770c800 JavaThread "Reference Handler" daemon [_thread_blocked, id=10424, stack(0x00000000194f0000,0x00000000195f0000)]

Other Threads:
  0x000000000278e800 VMThread [stack: 0x00000000193f0000,0x00000000194f0000] [id=9652]
  0x000000001a0aa800 WatcherThread [stack: 0x000000001b230000,0x000000001b330000] [id=9516]

VM state:not at safepoint (normal execution)

VM Mutex/Monitor currently owned by a thread: None

Heap:
 PSYoungGen      total 228864K, used 25128K [0x00000000d5f00000, 0x00000000e5700000, 0x0000000100000000)
  eden space 210432K, 11% used [0x00000000d5f00000,0x00000000d778a080,0x00000000e2c80000)
  from space 18432K, 0% used [0x00000000e4500000,0x00000000e4500000,0x00000000e5700000)
  to   space 20992K, 0% used [0x00000000e2e00000,0x00000000e2e00000,0x00000000e4280000)
 ParOldGen       total 125440K, used 32422K [0x0000000081c00000, 0x0000000089680000, 0x00000000d5f00000)
  object space 125440K, 25% used [0x0000000081c00000,0x0000000083ba9b28,0x0000000089680000)
 Metaspace       used 56697K, capacity 59570K, committed 59776K, reserved 1099776K
  class space    used 7950K, capacity 8466K, committed 8576K, reserved 1048576K

Card table byte_map: [0x0000000011b50000,0x0000000011f50000] byte_map_base: 0x0000000011742000

Marking Bits: (ParMarkBitMap*) 0x0000000053470860
 Begin Bits: [0x0000000012a00000, 0x0000000014990000)
 End Bits:   [0x0000000014990000, 0x0000000016920000)

Polling page: 0x0000000000710000

CodeCache: size=245760Kb used=10190Kb max_used=10190Kb free=235569Kb
 bounds [0x0000000002790000, 0x0000000003190000, 0x0000000011790000]
 total_blobs=5948 nmethods=5385 adapters=474
 compilation: enabled

Compilation events (10 events):
Event: 3917.623 Thread 0x00000000199b3000 nmethod 5471 0x0000000003183890 code [0x00000000031839e0, 0x0000000003183af0]
Event: 3917.905 Thread 0x00000000199b3000 5472       1       sun.nio.cs.FastCharsetProvider::canonicalize (24 bytes)
Event: 3917.906 Thread 0x00000000199b3000 nmethod 5472 0x0000000003183b50 code [0x0000000003183cc0, 0x0000000003183e48]
Event: 3918.884 Thread 0x00000000199b3000 5473       1       java.net.URI::access$400 (4 bytes)
Event: 3918.884 Thread 0x00000000199b3000 nmethod 5473 0x0000000003183ed0 code [0x0000000003184020, 0x0000000003184110]
Event: 3920.429 Thread 0x00000000199b3000 5474       1       sun.util.locale.provider.JRELocaleProviderAdapter::getLocaleResources (51 bytes)
Event: 3920.429 Thread 0x00000000199b3000 nmethod 5474 0x0000000003184150 code [0x00000000031842e0, 0x0000000003184588]
Event: 3920.430 Thread 0x00000000199b3000 5475       1       sun.util.locale.provider.LocaleResources::removeEmptyReferences (33 bytes)
Event: 3920.431 Thread 0x00000000199b3000 nmethod 5475 0x00000000031846d0 code [0x0000000003184860, 0x0000000003184bd8]
Event: 3920.698 Thread 0x00000000199b3000 5476       1       com.mysql.cj.protocol.a.NativePacketPayload::readString (91 bytes)

GC Heap History (10 events):
Event: 9.065 GC heap before
{Heap before GC invocations=9 (full 1):
 PSYoungGen      total 136192K, used 105157K [0x00000000d5f00000, 0x00000000e2080000, 0x0000000100000000)
  eden space 127488K, 75% used [0x00000000d5f00000,0x00000000dbd37ad8,0x00000000ddb80000)
  from space 8704K, 99% used [0x00000000ddb80000,0x00000000de3f9a68,0x00000000de400000)
  to   space 12288K, 0% used [0x00000000e1480000,0x00000000e1480000,0x00000000e2080000)
 ParOldGen       total 53248K, used 11024K [0x0000000081c00000, 0x0000000085000000, 0x00000000d5f00000)
  object space 53248K, 20% used [0x0000000081c00000,0x00000000826c4008,0x0000000085000000)
 Metaspace       used 33748K, capacity 35358K, committed 35496K, reserved 1079296K
  class space    used 4456K, capacity 4775K, committed 4864K, reserved 1048576K
Event: 9.085 GC heap after
Heap after GC invocations=9 (full 1):
 PSYoungGen      total 182272K, used 12286K [0x00000000d5f00000, 0x00000000e3d00000, 0x0000000100000000)
  eden space 169984K, 0% used [0x00000000d5f00000,0x00000000d5f00000,0x00000000e0500000)
  from space 12288K, 99% used [0x00000000e1480000,0x00000000e207fb80,0x00000000e2080000)
  to   space 15872K, 0% used [0x00000000e0500000,0x00000000e0500000,0x00000000e1480000)
 ParOldGen       total 53248K, used 15056K [0x0000000081c00000, 0x0000000085000000, 0x00000000d5f00000)
  object space 53248K, 28% used [0x0000000081c00000,0x0000000082ab4288,0x0000000085000000)
 Metaspace       used 33748K, capacity 35358K, committed 35496K, reserved 1079296K
  class space    used 4456K, capacity 4775K, committed 4864K, reserved 1048576K
}
Event: 9.085 GC heap before
{Heap before GC invocations=10 (full 2):
 PSYoungGen      total 182272K, used 12286K [0x00000000d5f00000, 0x00000000e3d00000, 0x0000000100000000)
  eden space 169984K, 0% used [0x00000000d5f00000,0x00000000d5f00000,0x00000000e0500000)
  from space 12288K, 99% used [0x00000000e1480000,0x00000000e207fb80,0x00000000e2080000)
  to   space 15872K, 0% used [0x00000000e0500000,0x00000000e0500000,0x00000000e1480000)
 ParOldGen       total 53248K, used 15056K [0x0000000081c00000, 0x0000000085000000, 0x00000000d5f00000)
  object space 53248K, 28% used [0x0000000081c00000,0x0000000082ab4288,0x0000000085000000)
 Metaspace       used 33748K, capacity 35358K, committed 35496K, reserved 1079296K
  class space    used 4456K, capacity 4775K, committed 4864K, reserved 1048576K
Event: 9.214 GC heap after
Heap after GC invocations=10 (full 2):
 PSYoungGen      total 182272K, used 0K [0x00000000d5f00000, 0x00000000e3d00000, 0x0000000100000000)
  eden space 169984K, 0% used [0x00000000d5f00000,0x00000000d5f00000,0x00000000e0500000)
  from space 12288K, 0% used [0x00000000e1480000,0x00000000e1480000,0x00000000e2080000)
  to   space 15872K, 0% used [0x00000000e0500000,0x00000000e0500000,0x00000000e1480000)
 ParOldGen       total 92160K, used 20959K [0x0000000081c00000, 0x0000000087600000, 0x00000000d5f00000)
  object space 92160K, 22% used [0x0000000081c00000,0x0000000083077de0,0x0000000087600000)
 Metaspace       used 33748K, capacity 35358K, committed 35496K, reserved 1079296K
  class space    used 4456K, capacity 4775K, committed 4864K, reserved 1048576K
}
Event: 25.255 GC heap before
{Heap before GC invocations=11 (full 2):
 PSYoungGen      total 182272K, used 169984K [0x00000000d5f00000, 0x00000000e3d00000, 0x0000000100000000)
  eden space 169984K, 100% used [0x00000000d5f00000,0x00000000e0500000,0x00000000e0500000)
  from space 12288K, 0% used [0x00000000e1480000,0x00000000e1480000,0x00000000e2080000)
  to   space 15872K, 0% used [0x00000000e0500000,0x00000000e0500000,0x00000000e1480000)
 ParOldGen       total 92160K, used 20959K [0x0000000081c00000, 0x0000000087600000, 0x00000000d5f00000)
  object space 92160K, 22% used [0x0000000081c00000,0x0000000083077de0,0x0000000087600000)
 Metaspace       used 47754K, capacity 50054K, committed 50176K, reserved 1091584K
  class space    used 6743K, capacity 7158K, committed 7168K, reserved 1048576K
Event: 25.279 GC heap after
Heap after GC invocations=11 (full 2):
 PSYoungGen      total 185856K, used 15865K [0x00000000d5f00000, 0x00000000e5700000, 0x0000000100000000)
  eden space 169984K, 0% used [0x00000000d5f00000,0x00000000d5f00000,0x00000000e0500000)
  from space 15872K, 99% used [0x00000000e0500000,0x00000000e147e5a8,0x00000000e1480000)
  to   space 18432K, 0% used [0x00000000e4500000,0x00000000e4500000,0x00000000e5700000)
 ParOldGen       total 92160K, used 21776K [0x0000000081c00000, 0x0000000087600000, 0x00000000d5f00000)
  object space 92160K, 23% used [0x0000000081c00000,0x00000000831442a0,0x0000000087600000)
 Metaspace       used 47754K, capacity 50054K, committed 50176K, reserved 1091584K
  class space    used 6743K, capacity 7158K, committed 7168K, reserved 1048576K
}
Event: 45.255 GC heap before
{Heap before GC invocations=12 (full 2):
 PSYoungGen      total 185856K, used 153735K [0x00000000d5f00000, 0x00000000e5700000, 0x0000000100000000)
  eden space 169984K, 81% used [0x00000000d5f00000,0x00000000de5a3a38,0x00000000e0500000)
  from space 15872K, 99% used [0x00000000e0500000,0x00000000e147e5a8,0x00000000e1480000)
  to   space 18432K, 0% used [0x00000000e4500000,0x00000000e4500000,0x00000000e5700000)
 ParOldGen       total 92160K, used 21776K [0x0000000081c00000, 0x0000000087600000, 0x00000000d5f00000)
  object space 92160K, 23% used [0x0000000081c00000,0x00000000831442a0,0x0000000087600000)
 Metaspace       used 56194K, capacity 59010K, committed 59160K, reserved 1099776K
  class space    used 7849K, capacity 8314K, committed 8320K, reserved 1048576K
Event: 45.288 GC heap after
Heap after GC invocations=12 (full 2):
 PSYoungGen      total 228864K, used 18078K [0x00000000d5f00000, 0x00000000e5700000, 0x0000000100000000)
  eden space 210432K, 0% used [0x00000000d5f00000,0x00000000d5f00000,0x00000000e2c80000)
  from space 18432K, 98% used [0x00000000e4500000,0x00000000e56a78a0,0x00000000e5700000)
  to   space 20992K, 0% used [0x00000000e2e00000,0x00000000e2e00000,0x00000000e4280000)
 ParOldGen       total 92160K, used 21784K [0x0000000081c00000, 0x0000000087600000, 0x00000000d5f00000)
  object space 92160K, 23% used [0x0000000081c00000,0x00000000831462a0,0x0000000087600000)
 Metaspace       used 56194K, capacity 59010K, committed 59160K, reserved 1099776K
  class space    used 7849K, capacity 8314K, committed 8320K, reserved 1048576K
}
Event: 45.288 GC heap before
{Heap before GC invocations=13 (full 3):
 PSYoungGen      total 228864K, used 18078K [0x00000000d5f00000, 0x00000000e5700000, 0x0000000100000000)
  eden space 210432K, 0% used [0x00000000d5f00000,0x00000000d5f00000,0x00000000e2c80000)
  from space 18432K, 98% used [0x00000000e4500000,0x00000000e56a78a0,0x00000000e5700000)
  to   space 20992K, 0% used [0x00000000e2e00000,0x00000000e2e00000,0x00000000e4280000)
 ParOldGen       total 92160K, used 21784K [0x0000000081c00000, 0x0000000087600000, 0x00000000d5f00000)
  object space 92160K, 23% used [0x0000000081c00000,0x00000000831462a0,0x0000000087600000)
 Metaspace       used 56194K, capacity 59010K, committed 59160K, reserved 1099776K
  class space    used 7849K, capacity 8314K, committed 8320K, reserved 1048576K
Event: 45.520 GC heap after
Heap after GC invocations=13 (full 3):
 PSYoungGen      total 228864K, used 0K [0x00000000d5f00000, 0x00000000e5700000, 0x0000000100000000)
  eden space 210432K, 0% used [0x00000000d5f00000,0x00000000d5f00000,0x00000000e2c80000)
  from space 18432K, 0% used [0x00000000e4500000,0x00000000e4500000,0x00000000e5700000)
  to   space 20992K, 0% used [0x00000000e2e00000,0x00000000e2e00000,0x00000000e4280000)
 ParOldGen       total 125440K, used 32422K [0x0000000081c00000, 0x0000000089680000, 0x00000000d5f00000)
  object space 125440K, 25% used [0x0000000081c00000,0x0000000083ba9b28,0x0000000089680000)
 Metaspace       used 56194K, capacity 59010K, committed 59160K, reserved 1099776K
  class space    used 7849K, capacity 8314K, committed 8320K, reserved 1048576K
}

Deoptimization events (0 events):
No events

Classes redefined (0 events):
No events

Internal exceptions (10 events):
Event: 3902.149 Thread 0x000000001ce48800 Exception <a 'java/net/SocketException': Connection reset by peer: socket write error> (0x00000000d7582d50) thrown at [C:\re\workspace\8-2-build-windows-amd64-cygwin\jdk8u162\10278\hotspot\src\share\vm\prims\jni.cpp, line 735]
Event: 3902.150 Thread 0x000000001ce48800 Exception <a 'java/net/SocketException': Socket closed> (0x00000000d7585dd0) thrown at [C:\re\workspace\8-2-build-windows-amd64-cygwin\jdk8u162\10278\hotspot\src\share\vm\prims\jni.cpp, line 735]
Event: 3909.343 Thread 0x000000001ce48800 Exception <a 'java/net/SocketException': Connection reset by peer: socket write error> (0x00000000d762b630) thrown at [C:\re\workspace\8-2-build-windows-amd64-cygwin\jdk8u162\10278\hotspot\src\share\vm\prims\jni.cpp, line 735]
Event: 3909.343 Thread 0x000000001ce48800 Exception <a 'java/net/SocketException': Socket closed> (0x00000000d762e6b0) thrown at [C:\re\workspace\8-2-build-windows-amd64-cygwin\jdk8u162\10278\hotspot\src\share\vm\prims\jni.cpp, line 735]
Event: 3917.622 Thread 0x000000001ce48800 Exception <a 'java/net/SocketException': Connection reset by peer: socket write error> (0x00000000d76dac10) thrown at [C:\re\workspace\8-2-build-windows-amd64-cygwin\jdk8u162\10278\hotspot\src\share\vm\prims\jni.cpp, line 735]
Event: 3917.624 Thread 0x000000001ce48800 Exception <a 'java/net/SocketException': Socket closed> (0x00000000d76e0870) thrown at [C:\re\workspace\8-2-build-windows-amd64-cygwin\jdk8u162\10278\hotspot\src\share\vm\prims\jni.cpp, line 735]
Event: 3918.883 Thread 0x000000001ce48800 Exception <a 'java/net/SocketException': Connection reset by peer: socket write error> (0x00000000d76e0e70) thrown at [C:\re\workspace\8-2-build-windows-amd64-cygwin\jdk8u162\10278\hotspot\src\share\vm\prims\jni.cpp, line 735]
Event: 3918.884 Thread 0x000000001ce48800 Exception <a 'java/net/SocketException': Socket closed> (0x00000000d76e3ef0) thrown at [C:\re\workspace\8-2-build-windows-amd64-cygwin\jdk8u162\10278\hotspot\src\share\vm\prims\jni.cpp, line 735]
Event: 3920.428 Thread 0x000000001ce48800 Exception <a 'java/net/SocketException': Connection reset by peer: socket write error> (0x00000000d76e44f0) thrown at [C:\re\workspace\8-2-build-windows-amd64-cygwin\jdk8u162\10278\hotspot\src\share\vm\prims\jni.cpp, line 735]
Event: 3920.429 Thread 0x000000001ce48800 Exception <a 'java/net/SocketException': Socket closed> (0x00000000d76e7570) thrown at [C:\re\workspace\8-2-build-windows-amd64-cygwin\jdk8u162\10278\hotspot\src\share\vm\prims\jni.cpp, line 735]

Events (10 events):
Event: 3918.882 Executing VM operation: RevokeBias
Event: 3918.882 Executing VM operation: RevokeBias done
Event: 3918.882 Executing VM operation: RevokeBias
Event: 3918.883 Executing VM operation: RevokeBias done
Event: 3920.426 Executing VM operation: RevokeBias
Event: 3920.427 Executing VM operation: RevokeBias done
Event: 3920.427 Executing VM operation: RevokeBias
Event: 3920.427 Executing VM operation: RevokeBias done
Event: 3920.427 Executing VM operation: RevokeBias
Event: 3920.428 Executing VM operation: RevokeBias done


Dynamic libraries:
0x00007ff75c190000 - 0x00007ff75c1c7000 	C:\Program Files\Java\jdk1.8.0_162\bin\java.exe
0x00007fff98f20000 - 0x00007fff99101000 	C:\WINDOWS\SYSTEM32\ntdll.dll
0x00007fff8dc80000 - 0x00007fff8dc94000 	C:\Program Files\AVG\Antivirus\x64\aswhooka.dll
0x00007fff96ae0000 - 0x00007fff96b92000 	C:\WINDOWS\System32\KERNEL32.DLL
0x00007fff95e50000 - 0x00007fff960c3000 	C:\WINDOWS\System32\KERNELBASE.dll
0x00007fff96a20000 - 0x00007fff96ac1000 	C:\WINDOWS\System32\ADVAPI32.dll
0x00007fff96c90000 - 0x00007fff96d2e000 	C:\WINDOWS\System32\msvcrt.dll
0x00007fff963b0000 - 0x00007fff9640b000 	C:\WINDOWS\System32\sechost.dll
0x00007fff98910000 - 0x00007fff98a34000 	C:\WINDOWS\System32\RPCRT4.dll
0x00007fff98500000 - 0x00007fff98690000 	C:\WINDOWS\System32\USER32.dll
0x00007fff961f0000 - 0x00007fff96210000 	C:\WINDOWS\System32\win32u.dll
0x00007fff96eb0000 - 0x00007fff96ed8000 	C:\WINDOWS\System32\GDI32.dll
0x00007fff96210000 - 0x00007fff963a2000 	C:\WINDOWS\System32\gdi32full.dll
0x00007fff96150000 - 0x00007fff961ef000 	C:\WINDOWS\System32\msvcp_win.dll
0x00007fff95400000 - 0x00007fff954fa000 	C:\WINDOWS\System32\ucrtbase.dll
0x00007fff891e0000 - 0x00007fff89449000 	C:\WINDOWS\WinSxS\amd64_microsoft.windows.common-controls_6595b64144ccf1df_6.0.17134.407_none_fb449d63306391e9\COMCTL32.dll
0x00007fff966f0000 - 0x00007fff96a12000 	C:\WINDOWS\System32\combase.dll
0x00007fff960d0000 - 0x00007fff9614a000 	C:\WINDOWS\System32\bcryptPrimitives.dll
0x00007fff98690000 - 0x00007fff986bd000 	C:\WINDOWS\System32\IMM32.DLL
0x00000000534f0000 - 0x00000000535c1000 	C:\Program Files\Java\jdk1.8.0_162\jre\bin\msvcr100.dll
0x0000000052c50000 - 0x00000000534f0000 	C:\Program Files\Java\jdk1.8.0_162\jre\bin\server\jvm.dll
0x00007fff96d30000 - 0x00007fff96d38000 	C:\WINDOWS\System32\PSAPI.DLL
0x00007fff6ec30000 - 0x00007fff6ec39000 	C:\WINDOWS\SYSTEM32\WSOCK32.dll
0x00007fff988a0000 - 0x00007fff9890c000 	C:\WINDOWS\System32\WS2_32.dll
0x00007fff8e040000 - 0x00007fff8e063000 	C:\WINDOWS\SYSTEM32\WINMM.dll
0x00007fff8db70000 - 0x00007fff8db7a000 	C:\WINDOWS\SYSTEM32\VERSION.dll
0x00007fff8e010000 - 0x00007fff8e03a000 	C:\WINDOWS\SYSTEM32\WINMMBASE.dll
0x00007fff95500000 - 0x00007fff95549000 	C:\WINDOWS\System32\cfgmgr32.dll
0x0000000052c40000 - 0x0000000052c4f000 	C:\Program Files\Java\jdk1.8.0_162\jre\bin\verify.dll
0x0000000052c10000 - 0x0000000052c39000 	C:\Program Files\Java\jdk1.8.0_162\jre\bin\java.dll
0x0000000052b80000 - 0x0000000052ba3000 	C:\Program Files\Java\jdk1.8.0_162\jre\bin\instrument.dll
0x0000000052bf0000 - 0x0000000052c06000 	C:\Program Files\Java\jdk1.8.0_162\jre\bin\zip.dll
0x00007fff96ee0000 - 0x00007fff9831f000 	C:\WINDOWS\System32\SHELL32.dll
0x00007fff986c0000 - 0x00007fff98769000 	C:\WINDOWS\System32\shcore.dll
0x00007fff95550000 - 0x00007fff95c5d000 	C:\WINDOWS\System32\windows.storage.dll
0x00007fff98e90000 - 0x00007fff98ee1000 	C:\WINDOWS\System32\shlwapi.dll
0x00007fff952b0000 - 0x00007fff952c1000 	C:\WINDOWS\System32\kernel.appcore.dll
0x00007fff95290000 - 0x00007fff952af000 	C:\WINDOWS\System32\profapi.dll
0x00007fff95240000 - 0x00007fff9528c000 	C:\WINDOWS\System32\powrprof.dll
0x00007fff95230000 - 0x00007fff9523a000 	C:\WINDOWS\System32\FLTLIB.DLL
0x00007fff83e60000 - 0x00007fff83e7a000 	C:\Program Files\JetBrains\IntelliJ IDEA 2018.1.1\bin\breakgen64.dll
0x0000000052bd0000 - 0x0000000052bea000 	C:\Program Files\Java\jdk1.8.0_162\jre\bin\net.dll
0x00007fff94ab0000 - 0x00007fff94b16000 	C:\WINDOWS\system32\mswsock.dll
0x0000000052b70000 - 0x0000000052b7d000 	C:\Program Files\Java\jdk1.8.0_162\jre\bin\management.dll
0x0000000052bb0000 - 0x0000000052bc1000 	C:\Program Files\Java\jdk1.8.0_162\jre\bin\nio.dll
0x00007fff71ca0000 - 0x00007fff71cb6000 	C:\WINDOWS\system32\napinsp.dll
0x00007fff70db0000 - 0x00007fff70dca000 	C:\WINDOWS\system32\pnrpnsp.dll
0x00007fff92040000 - 0x00007fff92059000 	C:\WINDOWS\system32\NLAapi.dll
0x00007fff94870000 - 0x00007fff9492e000 	C:\WINDOWS\SYSTEM32\DNSAPI.dll
0x00007fff96ea0000 - 0x00007fff96ea8000 	C:\WINDOWS\System32\NSI.dll
0x00007fff94830000 - 0x00007fff94868000 	C:\WINDOWS\SYSTEM32\IPHLPAPI.DLL
0x00007fff722c0000 - 0x00007fff722ce000 	C:\WINDOWS\System32\winrnr.dll
0x00007fff8f750000 - 0x00007fff8f765000 	C:\WINDOWS\System32\wshbth.dll
0x00007fff88740000 - 0x00007fff8874a000 	C:\Windows\System32\rasadhlp.dll
0x00007fff889a0000 - 0x00007fff88a12000 	C:\WINDOWS\System32\fwpuclnt.dll
0x00007fff94d90000 - 0x00007fff94db5000 	C:\WINDOWS\SYSTEM32\bcrypt.dll
0x00007fff94c70000 - 0x00007fff94c87000 	C:\WINDOWS\SYSTEM32\CRYPTSP.dll
0x00007fff94690000 - 0x00007fff946c3000 	C:\WINDOWS\system32\rsaenh.dll
0x00007fff95130000 - 0x00007fff95158000 	C:\WINDOWS\SYSTEM32\USERENV.dll
0x00007fff94c60000 - 0x00007fff94c6b000 	C:\WINDOWS\SYSTEM32\CRYPTBASE.dll
0x00007fff8dc10000 - 0x00007fff8dc26000 	C:\WINDOWS\SYSTEM32\dhcpcsvc6.DLL
0x00007fff8deb0000 - 0x00007fff8deca000 	C:\WINDOWS\SYSTEM32\dhcpcsvc.DLL
0x00007fff75a90000 - 0x00007fff75c59000 	C:\WINDOWS\SYSTEM32\dbghelp.dll

VM Arguments:
jvm_args: -XX:TieredStopAtLevel=1 -Xverify:none -Dspring.output.ansi.enabled=always -Dcom.sun.management.jmxremote -Dcom.sun.management.jmxremote.port=50794 -Dcom.sun.management.jmxremote.authenticate=false -Dcom.sun.management.jmxremote.ssl=false -Djava.rmi.server.hostname=localhost -Dspring.liveBeansView.mbeanDomain -Dspring.application.admin.enabled=true -javaagent:C:\Program Files\JetBrains\IntelliJ IDEA 2018.1.1\lib\idea_rt.jar=50795:C:\Program Files\JetBrains\IntelliJ IDEA 2018.1.1\bin -Dfile.encoding=UTF-8 
java_command: com.example.demo.DemoApplication
java_class_path (initial): C:\Program Files\Java\jdk1.8.0_162\jre\lib\charsets.jar;C:\Program Files\Java\jdk1.8.0_162\jre\lib\deploy.jar;C:\Program Files\Java\jdk1.8.0_162\jre\lib\ext\access-bridge-64.jar;C:\Program Files\Java\jdk1.8.0_162\jre\lib\ext\cldrdata.jar;C:\Program Files\Java\jdk1.8.0_162\jre\lib\ext\dnsns.jar;C:\Program Files\Java\jdk1.8.0_162\jre\lib\ext\jaccess.jar;C:\Program Files\Java\jdk1.8.0_162\jre\lib\ext\jfxrt.jar;C:\Program Files\Java\jdk1.8.0_162\jre\lib\ext\localedata.jar;C:\Program Files\Java\jdk1.8.0_162\jre\lib\ext\nashorn.jar;C:\Program Files\Java\jdk1.8.0_162\jre\lib\ext\sunec.jar;C:\Program Files\Java\jdk1.8.0_162\jre\lib\ext\sunjce_provider.jar;C:\Program Files\Java\jdk1.8.0_162\jre\lib\ext\sunmscapi.jar;C:\Program Files\Java\jdk1.8.0_162\jre\lib\ext\sunpkcs11.jar;C:\Program Files\Java\jdk1.8.0_162\jre\lib\ext\zipfs.jar;C:\Program Files\Java\jdk1.8.0_162\jre\lib\javaws.jar;C:\Program Files\Java\jdk1.8.0_162\jre\lib\jce.jar;C:\Program Files\Java\jdk1.8.0_162\jre\lib\jfr.jar;C:\Program Files\Java\jdk1.8.0_162\jre\lib\jfxswt.jar;C:\Program Files\Java\jdk1.8.0_162\jre\lib\jsse.jar;C:\Program Files\Java\jdk1.8.0_162\jre\lib\management-agent.jar;C:\Program Files\Java\jdk1.8.0_162\jre\lib\plugin.jar;C:\Program Files\Java\jdk1.8.0_162\jre\lib\resources.jar;C:\Program Files\Java\jdk1.8.0_162\jre\lib\rt.jar;C:\Users\bruger\Documents\GitHub\SpringManda2\target\classes;C:\Users\bruger\.m2\repository\org\springframework\boot\spring-boot-starter-data-jpa\2.1.0.RELEASE\spring-boot-starter-data-jpa-2.1.0.RELEASE.jar;C:\Users\bruger\.m2\repository\org\springframework\boot\spring-boot-starter-aop\2.1.0.RELEASE\spring-boot-starter-aop-2.1.0.RELEASE.jar;C:\Users\bruger\.m2\repository\org\springframework\spring-aop\5.1.2.RELEASE\spring-aop-5.1.2.RELEASE.jar;C:\Users\bruger\.m2\repository\org\aspectj\aspectjweaver\1.9.2\aspectjweaver-1.9.2.jar;C:\Users\bruger\.m2\repository\org\springframework\boot\spring-boot-starter-jdbc\2.1.0.RELEASE\spring-boot-starter
Launcher Type: SUN_STANDARD

Environment Variables:
PATH=C:\Program Files (x86)\Common Files\Oracle\Java\javapath;C:\ProgramData\Oracle\Java\javapath;C:\Program Files (x86)\NVIDIA Corporation\PhysX\Common;C:\Program Files (x86)\Intel\iCLS Client\;C:\Program Files\Intel\iCLS Client\;C:\WINDOWS\system32;C:\WINDOWS;C:\WINDOWS\System32\Wbem;C:\WINDOWS\System32\WindowsPowerShell\v1.0\;C:\Program Files\Intel\Intel(R) Management Engine Components\DAL;C:\Program Files\Intel\Intel(R) Management Engine Components\IPT;C:\Program Files (x86)\Intel\Intel(R) Management Engine Components\DAL;C:\Program Files (x86)\Intel\Intel(R) Management Engine Components\IPT;C:\Program Files\Intel\WiFi\bin\;C:\Program Files\Common Files\Intel\WirelessCommon\;C:\Users\bruger\AppData\Local\GitHubDesktop\bin;C:\adb;C:\Program Files\Git\cmd;C:\WINDOWS\system32;C:\WINDOWS;C:\WINDOWS\System32\Wbem;C:\WINDOWS\System32\WindowsPowerShell\v1.0\;C:\WINDOWS\System32\OpenSSH\;C:\Users\bruger\AppData\Local\GitHubDesktop\bin;%USERPROFILE%\AppData\Local\Microsoft\WindowsApps;
USERNAME=bruger
OS=Windows_NT
PROCESSOR_IDENTIFIER=Intel64 Family 6 Model 60 Stepping 3, GenuineIntel



---------------  S Y S T E M  ---------------

OS: Windows 10.0 , 64 bit Build 17134 (10.0.17134.1)

CPU:total 8 (initial active 8) (4 cores per cpu, 2 threads per core) family 6 model 60 stepping 3, cmov, cx8, fxsr, mmx, sse, sse2, sse3, ssse3, sse4.1, sse4.2, popcnt, avx, avx2, aes, clmul, erms, lzcnt, ht, tsc, tscinvbit, bmi1, bmi2

Memory: 4k page, physical 8268804k(3620444k free), swap 9579524k(3396672k free)

vm_info: Java HotSpot(TM) 64-Bit Server VM (25.162-b12) for windows-amd64 JRE (1.8.0_162-b12), built on Dec 19 2017 20:00:03 by "java_re" with MS VC++ 10.0 (VS2010)

time: Thu Dec 06 13:32:27 2018
elapsed time: 3920 seconds (0d 1h 5m 20s)

